 ====================================================================================================
 Time：2022-05-03 12:13:00.9642
 Message：The SELECT permission was denied on the object 'ManagerMain', database 'Charlotte', schema 'dbo'. 
 StackTrace：   at System.Data.SqlClient.SqlCommand.<>c.<ExecuteDbDataReaderAsync>b__126_0(Task`1 result)
   at System.Threading.Tasks.ContinuationResultTaskFromResultTask`2.InnerInvoke()
   at System.Threading.Tasks.Task.<>c.<.cctor>b__272_0(Object obj)
   at System.Threading.ExecutionContext.RunInternal(ExecutionContext executionContext, ContextCallback callback, Object state)
--- End of stack trace from previous location ---
   at System.Threading.Tasks.Task.ExecuteWithThreadLocal(Task& currentTaskSlot, Thread threadPoolThread)
--- End of stack trace from previous location ---
   at Dapper.SqlMapper.QueryRowAsync[T](IDbConnection cnn, Row row, Type effectiveType, CommandDefinition command) in /_/Dapper/SqlMapper.Async.cs:line 473
   at Charlotte.Helper.ManagerLogin.ManagerLoginHelper.GetManagerMain(SqlConnection con, DbTransaction transaction, String account) in C:\Users\asus\Desktop\git\Charlotte\backend\Charlotte\Charlotte\Helper\ManagerLogin\ManagerLoginHelper.cs:line 65
   at Charlotte.Helper.ManagerLogin.ManagerLoginHelper.Login(ManagerLoginModel req) in C:\Users\asus\Desktop\git\Charlotte\backend\Charlotte\Charlotte\Helper\ManagerLogin\ManagerLoginHelper.cs:line 26
   at Charlotte.Helper.ManagerLogin.ManagerLoginHelper.Login(ManagerLoginModel req) in C:\Users\asus\Desktop\git\Charlotte\backend\Charlotte\Charlotte\Helper\ManagerLogin\ManagerLoginHelper.cs:line 49
   at Charlotte.Controllers.ManagerLoginController.Login(ManagerLoginModel req) in C:\Users\asus\Desktop\git\Charlotte\backend\Charlotte\Charlotte\Controllers\ManagerLoginController.cs:line 29
 Detail Text：System.Data.SqlClient.SqlException (0x80131904): The SELECT permission was denied on the object 'ManagerMain', database 'Charlotte', schema 'dbo'.
   at System.Data.SqlClient.SqlCommand.<>c.<ExecuteDbDataReaderAsync>b__126_0(Task`1 result)
   at System.Threading.Tasks.ContinuationResultTaskFromResultTask`2.InnerInvoke()
   at System.Threading.Tasks.Task.<>c.<.cctor>b__272_0(Object obj)
   at System.Threading.ExecutionContext.RunInternal(ExecutionContext executionContext, ContextCallback callback, Object state)
--- End of stack trace from previous location ---
   at System.Threading.Tasks.Task.ExecuteWithThreadLocal(Task& currentTaskSlot, Thread threadPoolThread)
--- End of stack trace from previous location ---
   at Dapper.SqlMapper.QueryRowAsync[T](IDbConnection cnn, Row row, Type effectiveType, CommandDefinition command) in /_/Dapper/SqlMapper.Async.cs:line 473
   at Charlotte.Helper.ManagerLogin.ManagerLoginHelper.GetManagerMain(SqlConnection con, DbTransaction transaction, String account) in C:\Users\asus\Desktop\git\Charlotte\backend\Charlotte\Charlotte\Helper\ManagerLogin\ManagerLoginHelper.cs:line 65
   at Charlotte.Helper.ManagerLogin.ManagerLoginHelper.Login(ManagerLoginModel req) in C:\Users\asus\Desktop\git\Charlotte\backend\Charlotte\Charlotte\Helper\ManagerLogin\ManagerLoginHelper.cs:line 26
   at Charlotte.Helper.ManagerLogin.ManagerLoginHelper.Login(ManagerLoginModel req) in C:\Users\asus\Desktop\git\Charlotte\backend\Charlotte\Charlotte\Helper\ManagerLogin\ManagerLoginHelper.cs:line 49
   at Charlotte.Controllers.ManagerLoginController.Login(ManagerLoginModel req) in C:\Users\asus\Desktop\git\Charlotte\backend\Charlotte\Charlotte\Controllers\ManagerLoginController.cs:line 29
ClientConnectionId:dde3cbaa-fe19-4ede-882e-3d8cfb586211
Error Number:229,State:5,Class:14 
 ====================================================================================================
 ====================================================================================================
 Time：2022-05-03 12:13:00.9642
 Message：The SELECT permission was denied on the object 'ManagerMain', database 'Charlotte', schema 'dbo'. 
 StackTrace：   at System.Data.SqlClient.SqlCommand.<>c.<ExecuteDbDataReaderAsync>b__126_0(Task`1 result)
   at System.Threading.Tasks.ContinuationResultTaskFromResultTask`2.InnerInvoke()
   at System.Threading.Tasks.Task.<>c.<.cctor>b__272_0(Object obj)
   at System.Threading.ExecutionContext.RunInternal(ExecutionContext executionContext, ContextCallback callback, Object state)
--- End of stack trace from previous location ---
   at System.Threading.Tasks.Task.ExecuteWithThreadLocal(Task& currentTaskSlot, Thread threadPoolThread)
--- End of stack trace from previous location ---
   at Dapper.SqlMapper.QueryRowAsync[T](IDbConnection cnn, Row row, Type effectiveType, CommandDefinition command) in /_/Dapper/SqlMapper.Async.cs:line 473
   at Charlotte.Helper.ManagerLogin.ManagerLoginHelper.GetManagerMain(SqlConnection con, DbTransaction transaction, String account) in C:\Users\asus\Desktop\git\Charlotte\backend\Charlotte\Charlotte\Helper\ManagerLogin\ManagerLoginHelper.cs:line 65
   at Charlotte.Helper.ManagerLogin.ManagerLoginHelper.Login(ManagerLoginModel req) in C:\Users\asus\Desktop\git\Charlotte\backend\Charlotte\Charlotte\Helper\ManagerLogin\ManagerLoginHelper.cs:line 26
   at Charlotte.Helper.ManagerLogin.ManagerLoginHelper.Login(ManagerLoginModel req) in C:\Users\asus\Desktop\git\Charlotte\backend\Charlotte\Charlotte\Helper\ManagerLogin\ManagerLoginHelper.cs:line 49
   at Charlotte.Controllers.ManagerLoginController.Login(ManagerLoginModel req) in C:\Users\asus\Desktop\git\Charlotte\backend\Charlotte\Charlotte\Controllers\ManagerLoginController.cs:line 29
 Detail Text：System.Data.SqlClient.SqlException (0x80131904): The SELECT permission was denied on the object 'ManagerMain', database 'Charlotte', schema 'dbo'.
   at System.Data.SqlClient.SqlCommand.<>c.<ExecuteDbDataReaderAsync>b__126_0(Task`1 result)
   at System.Threading.Tasks.ContinuationResultTaskFromResultTask`2.InnerInvoke()
   at System.Threading.Tasks.Task.<>c.<.cctor>b__272_0(Object obj)
   at System.Threading.ExecutionContext.RunInternal(ExecutionContext executionContext, ContextCallback callback, Object state)
--- End of stack trace from previous location ---
   at System.Threading.Tasks.Task.ExecuteWithThreadLocal(Task& currentTaskSlot, Thread threadPoolThread)
--- End of stack trace from previous location ---
   at Dapper.SqlMapper.QueryRowAsync[T](IDbConnection cnn, Row row, Type effectiveType, CommandDefinition command) in /_/Dapper/SqlMapper.Async.cs:line 473
   at Charlotte.Helper.ManagerLogin.ManagerLoginHelper.GetManagerMain(SqlConnection con, DbTransaction transaction, String account) in C:\Users\asus\Desktop\git\Charlotte\backend\Charlotte\Charlotte\Helper\ManagerLogin\ManagerLoginHelper.cs:line 65
   at Charlotte.Helper.ManagerLogin.ManagerLoginHelper.Login(ManagerLoginModel req) in C:\Users\asus\Desktop\git\Charlotte\backend\Charlotte\Charlotte\Helper\ManagerLogin\ManagerLoginHelper.cs:line 26
   at Charlotte.Helper.ManagerLogin.ManagerLoginHelper.Login(ManagerLoginModel req) in C:\Users\asus\Desktop\git\Charlotte\backend\Charlotte\Charlotte\Helper\ManagerLogin\ManagerLoginHelper.cs:line 49
   at Charlotte.Controllers.ManagerLoginController.Login(ManagerLoginModel req) in C:\Users\asus\Desktop\git\Charlotte\backend\Charlotte\Charlotte\Controllers\ManagerLoginController.cs:line 29
ClientConnectionId:dde3cbaa-fe19-4ede-882e-3d8cfb586211
Error Number:229,State:5,Class:14 
 ====================================================================================================
 ====================================================================================================
 Time：2022-05-03 12:13:11.6508
 Message：The SELECT permission was denied on the object 'ManagerMain', database 'Charlotte', schema 'dbo'. 
 StackTrace：   at System.Data.SqlClient.SqlCommand.<>c.<ExecuteDbDataReaderAsync>b__126_0(Task`1 result)
   at System.Threading.Tasks.ContinuationResultTaskFromResultTask`2.InnerInvoke()
   at System.Threading.Tasks.Task.<>c.<.cctor>b__272_0(Object obj)
   at System.Threading.ExecutionContext.RunInternal(ExecutionContext executionContext, ContextCallback callback, Object state)
--- End of stack trace from previous location ---
   at System.Threading.Tasks.Task.ExecuteWithThreadLocal(Task& currentTaskSlot, Thread threadPoolThread)
--- End of stack trace from previous location ---
   at Dapper.SqlMapper.QueryRowAsync[T](IDbConnection cnn, Row row, Type effectiveType, CommandDefinition command) in /_/Dapper/SqlMapper.Async.cs:line 473
   at Charlotte.Helper.ManagerLogin.ManagerLoginHelper.GetManagerMain(SqlConnection con, DbTransaction transaction, String account) in C:\Users\asus\Desktop\git\Charlotte\backend\Charlotte\Charlotte\Helper\ManagerLogin\ManagerLoginHelper.cs:line 65
   at Charlotte.Helper.ManagerLogin.ManagerLoginHelper.Login(ManagerLoginModel req) in C:\Users\asus\Desktop\git\Charlotte\backend\Charlotte\Charlotte\Helper\ManagerLogin\ManagerLoginHelper.cs:line 26
   at Charlotte.Helper.ManagerLogin.ManagerLoginHelper.Login(ManagerLoginModel req) in C:\Users\asus\Desktop\git\Charlotte\backend\Charlotte\Charlotte\Helper\ManagerLogin\ManagerLoginHelper.cs:line 49
   at Charlotte.Controllers.ManagerLoginController.Login(ManagerLoginModel req) in C:\Users\asus\Desktop\git\Charlotte\backend\Charlotte\Charlotte\Controllers\ManagerLoginController.cs:line 29
 Detail Text：System.Data.SqlClient.SqlException (0x80131904): The SELECT permission was denied on the object 'ManagerMain', database 'Charlotte', schema 'dbo'.
   at System.Data.SqlClient.SqlCommand.<>c.<ExecuteDbDataReaderAsync>b__126_0(Task`1 result)
   at System.Threading.Tasks.ContinuationResultTaskFromResultTask`2.InnerInvoke()
   at System.Threading.Tasks.Task.<>c.<.cctor>b__272_0(Object obj)
   at System.Threading.ExecutionContext.RunInternal(ExecutionContext executionContext, ContextCallback callback, Object state)
--- End of stack trace from previous location ---
   at System.Threading.Tasks.Task.ExecuteWithThreadLocal(Task& currentTaskSlot, Thread threadPoolThread)
--- End of stack trace from previous location ---
   at Dapper.SqlMapper.QueryRowAsync[T](IDbConnection cnn, Row row, Type effectiveType, CommandDefinition command) in /_/Dapper/SqlMapper.Async.cs:line 473
   at Charlotte.Helper.ManagerLogin.ManagerLoginHelper.GetManagerMain(SqlConnection con, DbTransaction transaction, String account) in C:\Users\asus\Desktop\git\Charlotte\backend\Charlotte\Charlotte\Helper\ManagerLogin\ManagerLoginHelper.cs:line 65
   at Charlotte.Helper.ManagerLogin.ManagerLoginHelper.Login(ManagerLoginModel req) in C:\Users\asus\Desktop\git\Charlotte\backend\Charlotte\Charlotte\Helper\ManagerLogin\ManagerLoginHelper.cs:line 26
   at Charlotte.Helper.ManagerLogin.ManagerLoginHelper.Login(ManagerLoginModel req) in C:\Users\asus\Desktop\git\Charlotte\backend\Charlotte\Charlotte\Helper\ManagerLogin\ManagerLoginHelper.cs:line 49
   at Charlotte.Controllers.ManagerLoginController.Login(ManagerLoginModel req) in C:\Users\asus\Desktop\git\Charlotte\backend\Charlotte\Charlotte\Controllers\ManagerLoginController.cs:line 29
ClientConnectionId:dde3cbaa-fe19-4ede-882e-3d8cfb586211
Error Number:229,State:5,Class:14 
 ====================================================================================================
 ====================================================================================================
 Time：2022-05-03 12:13:11.6508
 Message：The SELECT permission was denied on the object 'ManagerMain', database 'Charlotte', schema 'dbo'. 
 StackTrace：   at System.Data.SqlClient.SqlCommand.<>c.<ExecuteDbDataReaderAsync>b__126_0(Task`1 result)
   at System.Threading.Tasks.ContinuationResultTaskFromResultTask`2.InnerInvoke()
   at System.Threading.Tasks.Task.<>c.<.cctor>b__272_0(Object obj)
   at System.Threading.ExecutionContext.RunInternal(ExecutionContext executionContext, ContextCallback callback, Object state)
--- End of stack trace from previous location ---
   at System.Threading.Tasks.Task.ExecuteWithThreadLocal(Task& currentTaskSlot, Thread threadPoolThread)
--- End of stack trace from previous location ---
   at Dapper.SqlMapper.QueryRowAsync[T](IDbConnection cnn, Row row, Type effectiveType, CommandDefinition command) in /_/Dapper/SqlMapper.Async.cs:line 473
   at Charlotte.Helper.ManagerLogin.ManagerLoginHelper.GetManagerMain(SqlConnection con, DbTransaction transaction, String account) in C:\Users\asus\Desktop\git\Charlotte\backend\Charlotte\Charlotte\Helper\ManagerLogin\ManagerLoginHelper.cs:line 65
   at Charlotte.Helper.ManagerLogin.ManagerLoginHelper.Login(ManagerLoginModel req) in C:\Users\asus\Desktop\git\Charlotte\backend\Charlotte\Charlotte\Helper\ManagerLogin\ManagerLoginHelper.cs:line 26
   at Charlotte.Helper.ManagerLogin.ManagerLoginHelper.Login(ManagerLoginModel req) in C:\Users\asus\Desktop\git\Charlotte\backend\Charlotte\Charlotte\Helper\ManagerLogin\ManagerLoginHelper.cs:line 49
   at Charlotte.Controllers.ManagerLoginController.Login(ManagerLoginModel req) in C:\Users\asus\Desktop\git\Charlotte\backend\Charlotte\Charlotte\Controllers\ManagerLoginController.cs:line 29
 Detail Text：System.Data.SqlClient.SqlException (0x80131904): The SELECT permission was denied on the object 'ManagerMain', database 'Charlotte', schema 'dbo'.
   at System.Data.SqlClient.SqlCommand.<>c.<ExecuteDbDataReaderAsync>b__126_0(Task`1 result)
   at System.Threading.Tasks.ContinuationResultTaskFromResultTask`2.InnerInvoke()
   at System.Threading.Tasks.Task.<>c.<.cctor>b__272_0(Object obj)
   at System.Threading.ExecutionContext.RunInternal(ExecutionContext executionContext, ContextCallback callback, Object state)
--- End of stack trace from previous location ---
   at System.Threading.Tasks.Task.ExecuteWithThreadLocal(Task& currentTaskSlot, Thread threadPoolThread)
--- End of stack trace from previous location ---
   at Dapper.SqlMapper.QueryRowAsync[T](IDbConnection cnn, Row row, Type effectiveType, CommandDefinition command) in /_/Dapper/SqlMapper.Async.cs:line 473
   at Charlotte.Helper.ManagerLogin.ManagerLoginHelper.GetManagerMain(SqlConnection con, DbTransaction transaction, String account) in C:\Users\asus\Desktop\git\Charlotte\backend\Charlotte\Charlotte\Helper\ManagerLogin\ManagerLoginHelper.cs:line 65
   at Charlotte.Helper.ManagerLogin.ManagerLoginHelper.Login(ManagerLoginModel req) in C:\Users\asus\Desktop\git\Charlotte\backend\Charlotte\Charlotte\Helper\ManagerLogin\ManagerLoginHelper.cs:line 26
   at Charlotte.Helper.ManagerLogin.ManagerLoginHelper.Login(ManagerLoginModel req) in C:\Users\asus\Desktop\git\Charlotte\backend\Charlotte\Charlotte\Helper\ManagerLogin\ManagerLoginHelper.cs:line 49
   at Charlotte.Controllers.ManagerLoginController.Login(ManagerLoginModel req) in C:\Users\asus\Desktop\git\Charlotte\backend\Charlotte\Charlotte\Controllers\ManagerLoginController.cs:line 29
ClientConnectionId:dde3cbaa-fe19-4ede-882e-3d8cfb586211
Error Number:229,State:5,Class:14 
 ====================================================================================================
 ====================================================================================================
 Time：2022-05-03 12:14:45.2941
 Message：The SELECT permission was denied on the object 'ManagerMain', database 'Charlotte', schema 'dbo'. 
 StackTrace：   at System.Data.SqlClient.SqlCommand.<>c.<ExecuteDbDataReaderAsync>b__126_0(Task`1 result)
   at System.Threading.Tasks.ContinuationResultTaskFromResultTask`2.InnerInvoke()
   at System.Threading.Tasks.Task.<>c.<.cctor>b__272_0(Object obj)
   at System.Threading.ExecutionContext.RunInternal(ExecutionContext executionContext, ContextCallback callback, Object state)
--- End of stack trace from previous location ---
   at System.Threading.Tasks.Task.ExecuteWithThreadLocal(Task& currentTaskSlot, Thread threadPoolThread)
--- End of stack trace from previous location ---
   at Dapper.SqlMapper.QueryRowAsync[T](IDbConnection cnn, Row row, Type effectiveType, CommandDefinition command) in /_/Dapper/SqlMapper.Async.cs:line 473
   at Charlotte.Helper.ManagerLogin.ManagerLoginHelper.GetManagerMain(SqlConnection con, DbTransaction transaction, String account) in C:\Users\asus\Desktop\git\Charlotte\backend\Charlotte\Charlotte\Helper\ManagerLogin\ManagerLoginHelper.cs:line 65
   at Charlotte.Helper.ManagerLogin.ManagerLoginHelper.Login(ManagerLoginModel req) in C:\Users\asus\Desktop\git\Charlotte\backend\Charlotte\Charlotte\Helper\ManagerLogin\ManagerLoginHelper.cs:line 26
   at Charlotte.Helper.ManagerLogin.ManagerLoginHelper.Login(ManagerLoginModel req) in C:\Users\asus\Desktop\git\Charlotte\backend\Charlotte\Charlotte\Helper\ManagerLogin\ManagerLoginHelper.cs:line 49
   at Charlotte.Controllers.ManagerLoginController.Login(ManagerLoginModel req) in C:\Users\asus\Desktop\git\Charlotte\backend\Charlotte\Charlotte\Controllers\ManagerLoginController.cs:line 29
 Detail Text：System.Data.SqlClient.SqlException (0x80131904): The SELECT permission was denied on the object 'ManagerMain', database 'Charlotte', schema 'dbo'.
   at System.Data.SqlClient.SqlCommand.<>c.<ExecuteDbDataReaderAsync>b__126_0(Task`1 result)
   at System.Threading.Tasks.ContinuationResultTaskFromResultTask`2.InnerInvoke()
   at System.Threading.Tasks.Task.<>c.<.cctor>b__272_0(Object obj)
   at System.Threading.ExecutionContext.RunInternal(ExecutionContext executionContext, ContextCallback callback, Object state)
--- End of stack trace from previous location ---
   at System.Threading.Tasks.Task.ExecuteWithThreadLocal(Task& currentTaskSlot, Thread threadPoolThread)
--- End of stack trace from previous location ---
   at Dapper.SqlMapper.QueryRowAsync[T](IDbConnection cnn, Row row, Type effectiveType, CommandDefinition command) in /_/Dapper/SqlMapper.Async.cs:line 473
   at Charlotte.Helper.ManagerLogin.ManagerLoginHelper.GetManagerMain(SqlConnection con, DbTransaction transaction, String account) in C:\Users\asus\Desktop\git\Charlotte\backend\Charlotte\Charlotte\Helper\ManagerLogin\ManagerLoginHelper.cs:line 65
   at Charlotte.Helper.ManagerLogin.ManagerLoginHelper.Login(ManagerLoginModel req) in C:\Users\asus\Desktop\git\Charlotte\backend\Charlotte\Charlotte\Helper\ManagerLogin\ManagerLoginHelper.cs:line 26
   at Charlotte.Helper.ManagerLogin.ManagerLoginHelper.Login(ManagerLoginModel req) in C:\Users\asus\Desktop\git\Charlotte\backend\Charlotte\Charlotte\Helper\ManagerLogin\ManagerLoginHelper.cs:line 49
   at Charlotte.Controllers.ManagerLoginController.Login(ManagerLoginModel req) in C:\Users\asus\Desktop\git\Charlotte\backend\Charlotte\Charlotte\Controllers\ManagerLoginController.cs:line 29
ClientConnectionId:dde3cbaa-fe19-4ede-882e-3d8cfb586211
Error Number:229,State:5,Class:14 
 ====================================================================================================
 ====================================================================================================
 Time：2022-05-03 12:14:45.2941
 Message：The SELECT permission was denied on the object 'ManagerMain', database 'Charlotte', schema 'dbo'. 
 StackTrace：   at System.Data.SqlClient.SqlCommand.<>c.<ExecuteDbDataReaderAsync>b__126_0(Task`1 result)
   at System.Threading.Tasks.ContinuationResultTaskFromResultTask`2.InnerInvoke()
   at System.Threading.Tasks.Task.<>c.<.cctor>b__272_0(Object obj)
   at System.Threading.ExecutionContext.RunInternal(ExecutionContext executionContext, ContextCallback callback, Object state)
--- End of stack trace from previous location ---
   at System.Threading.Tasks.Task.ExecuteWithThreadLocal(Task& currentTaskSlot, Thread threadPoolThread)
--- End of stack trace from previous location ---
   at Dapper.SqlMapper.QueryRowAsync[T](IDbConnection cnn, Row row, Type effectiveType, CommandDefinition command) in /_/Dapper/SqlMapper.Async.cs:line 473
   at Charlotte.Helper.ManagerLogin.ManagerLoginHelper.GetManagerMain(SqlConnection con, DbTransaction transaction, String account) in C:\Users\asus\Desktop\git\Charlotte\backend\Charlotte\Charlotte\Helper\ManagerLogin\ManagerLoginHelper.cs:line 65
   at Charlotte.Helper.ManagerLogin.ManagerLoginHelper.Login(ManagerLoginModel req) in C:\Users\asus\Desktop\git\Charlotte\backend\Charlotte\Charlotte\Helper\ManagerLogin\ManagerLoginHelper.cs:line 26
   at Charlotte.Helper.ManagerLogin.ManagerLoginHelper.Login(ManagerLoginModel req) in C:\Users\asus\Desktop\git\Charlotte\backend\Charlotte\Charlotte\Helper\ManagerLogin\ManagerLoginHelper.cs:line 49
   at Charlotte.Controllers.ManagerLoginController.Login(ManagerLoginModel req) in C:\Users\asus\Desktop\git\Charlotte\backend\Charlotte\Charlotte\Controllers\ManagerLoginController.cs:line 29
 Detail Text：System.Data.SqlClient.SqlException (0x80131904): The SELECT permission was denied on the object 'ManagerMain', database 'Charlotte', schema 'dbo'.
   at System.Data.SqlClient.SqlCommand.<>c.<ExecuteDbDataReaderAsync>b__126_0(Task`1 result)
   at System.Threading.Tasks.ContinuationResultTaskFromResultTask`2.InnerInvoke()
   at System.Threading.Tasks.Task.<>c.<.cctor>b__272_0(Object obj)
   at System.Threading.ExecutionContext.RunInternal(ExecutionContext executionContext, ContextCallback callback, Object state)
--- End of stack trace from previous location ---
   at System.Threading.Tasks.Task.ExecuteWithThreadLocal(Task& currentTaskSlot, Thread threadPoolThread)
--- End of stack trace from previous location ---
   at Dapper.SqlMapper.QueryRowAsync[T](IDbConnection cnn, Row row, Type effectiveType, CommandDefinition command) in /_/Dapper/SqlMapper.Async.cs:line 473
   at Charlotte.Helper.ManagerLogin.ManagerLoginHelper.GetManagerMain(SqlConnection con, DbTransaction transaction, String account) in C:\Users\asus\Desktop\git\Charlotte\backend\Charlotte\Charlotte\Helper\ManagerLogin\ManagerLoginHelper.cs:line 65
   at Charlotte.Helper.ManagerLogin.ManagerLoginHelper.Login(ManagerLoginModel req) in C:\Users\asus\Desktop\git\Charlotte\backend\Charlotte\Charlotte\Helper\ManagerLogin\ManagerLoginHelper.cs:line 26
   at Charlotte.Helper.ManagerLogin.ManagerLoginHelper.Login(ManagerLoginModel req) in C:\Users\asus\Desktop\git\Charlotte\backend\Charlotte\Charlotte\Helper\ManagerLogin\ManagerLoginHelper.cs:line 49
   at Charlotte.Controllers.ManagerLoginController.Login(ManagerLoginModel req) in C:\Users\asus\Desktop\git\Charlotte\backend\Charlotte\Charlotte\Controllers\ManagerLoginController.cs:line 29
ClientConnectionId:dde3cbaa-fe19-4ede-882e-3d8cfb586211
Error Number:229,State:5,Class:14 
 ====================================================================================================
 ====================================================================================================
 Time：2022-05-03 12:19:37.3457
 Message：The SELECT permission was denied on the object 'ManagerMain', database 'Charlotte', schema 'dbo'. 
 StackTrace：   at System.Data.SqlClient.SqlCommand.<>c.<ExecuteDbDataReaderAsync>b__126_0(Task`1 result)
   at System.Threading.Tasks.ContinuationResultTaskFromResultTask`2.InnerInvoke()
   at System.Threading.Tasks.Task.<>c.<.cctor>b__272_0(Object obj)
   at System.Threading.ExecutionContext.RunInternal(ExecutionContext executionContext, ContextCallback callback, Object state)
--- End of stack trace from previous location ---
   at System.Threading.Tasks.Task.ExecuteWithThreadLocal(Task& currentTaskSlot, Thread threadPoolThread)
--- End of stack trace from previous location ---
   at Dapper.SqlMapper.QueryRowAsync[T](IDbConnection cnn, Row row, Type effectiveType, CommandDefinition command) in /_/Dapper/SqlMapper.Async.cs:line 473
   at Charlotte.Helper.ManagerLogin.ManagerLoginHelper.GetManagerMain(SqlConnection con, DbTransaction transaction, String account) in C:\Users\asus\Desktop\git\Charlotte\backend\Charlotte\Charlotte\Helper\ManagerLogin\ManagerLoginHelper.cs:line 65
   at Charlotte.Helper.ManagerLogin.ManagerLoginHelper.Login(ManagerLoginModel req) in C:\Users\asus\Desktop\git\Charlotte\backend\Charlotte\Charlotte\Helper\ManagerLogin\ManagerLoginHelper.cs:line 26
   at Charlotte.Helper.ManagerLogin.ManagerLoginHelper.Login(ManagerLoginModel req) in C:\Users\asus\Desktop\git\Charlotte\backend\Charlotte\Charlotte\Helper\ManagerLogin\ManagerLoginHelper.cs:line 49
   at Charlotte.Controllers.ManagerLoginController.Login(ManagerLoginModel req) in C:\Users\asus\Desktop\git\Charlotte\backend\Charlotte\Charlotte\Controllers\ManagerLoginController.cs:line 29
 Detail Text：System.Data.SqlClient.SqlException (0x80131904): The SELECT permission was denied on the object 'ManagerMain', database 'Charlotte', schema 'dbo'.
   at System.Data.SqlClient.SqlCommand.<>c.<ExecuteDbDataReaderAsync>b__126_0(Task`1 result)
   at System.Threading.Tasks.ContinuationResultTaskFromResultTask`2.InnerInvoke()
   at System.Threading.Tasks.Task.<>c.<.cctor>b__272_0(Object obj)
   at System.Threading.ExecutionContext.RunInternal(ExecutionContext executionContext, ContextCallback callback, Object state)
--- End of stack trace from previous location ---
   at System.Threading.Tasks.Task.ExecuteWithThreadLocal(Task& currentTaskSlot, Thread threadPoolThread)
--- End of stack trace from previous location ---
   at Dapper.SqlMapper.QueryRowAsync[T](IDbConnection cnn, Row row, Type effectiveType, CommandDefinition command) in /_/Dapper/SqlMapper.Async.cs:line 473
   at Charlotte.Helper.ManagerLogin.ManagerLoginHelper.GetManagerMain(SqlConnection con, DbTransaction transaction, String account) in C:\Users\asus\Desktop\git\Charlotte\backend\Charlotte\Charlotte\Helper\ManagerLogin\ManagerLoginHelper.cs:line 65
   at Charlotte.Helper.ManagerLogin.ManagerLoginHelper.Login(ManagerLoginModel req) in C:\Users\asus\Desktop\git\Charlotte\backend\Charlotte\Charlotte\Helper\ManagerLogin\ManagerLoginHelper.cs:line 26
   at Charlotte.Helper.ManagerLogin.ManagerLoginHelper.Login(ManagerLoginModel req) in C:\Users\asus\Desktop\git\Charlotte\backend\Charlotte\Charlotte\Helper\ManagerLogin\ManagerLoginHelper.cs:line 49
   at Charlotte.Controllers.ManagerLoginController.Login(ManagerLoginModel req) in C:\Users\asus\Desktop\git\Charlotte\backend\Charlotte\Charlotte\Controllers\ManagerLoginController.cs:line 29
ClientConnectionId:a5eb5b88-d731-4113-b14f-9b26156570b4
Error Number:229,State:5,Class:14 
 ====================================================================================================
 ====================================================================================================
 Time：2022-05-03 12:19:37.3457
 Message：The SELECT permission was denied on the object 'ManagerMain', database 'Charlotte', schema 'dbo'. 
 StackTrace：   at System.Data.SqlClient.SqlCommand.<>c.<ExecuteDbDataReaderAsync>b__126_0(Task`1 result)
   at System.Threading.Tasks.ContinuationResultTaskFromResultTask`2.InnerInvoke()
   at System.Threading.Tasks.Task.<>c.<.cctor>b__272_0(Object obj)
   at System.Threading.ExecutionContext.RunInternal(ExecutionContext executionContext, ContextCallback callback, Object state)
--- End of stack trace from previous location ---
   at System.Threading.Tasks.Task.ExecuteWithThreadLocal(Task& currentTaskSlot, Thread threadPoolThread)
--- End of stack trace from previous location ---
   at Dapper.SqlMapper.QueryRowAsync[T](IDbConnection cnn, Row row, Type effectiveType, CommandDefinition command) in /_/Dapper/SqlMapper.Async.cs:line 473
   at Charlotte.Helper.ManagerLogin.ManagerLoginHelper.GetManagerMain(SqlConnection con, DbTransaction transaction, String account) in C:\Users\asus\Desktop\git\Charlotte\backend\Charlotte\Charlotte\Helper\ManagerLogin\ManagerLoginHelper.cs:line 65
   at Charlotte.Helper.ManagerLogin.ManagerLoginHelper.Login(ManagerLoginModel req) in C:\Users\asus\Desktop\git\Charlotte\backend\Charlotte\Charlotte\Helper\ManagerLogin\ManagerLoginHelper.cs:line 26
   at Charlotte.Helper.ManagerLogin.ManagerLoginHelper.Login(ManagerLoginModel req) in C:\Users\asus\Desktop\git\Charlotte\backend\Charlotte\Charlotte\Helper\ManagerLogin\ManagerLoginHelper.cs:line 49
   at Charlotte.Controllers.ManagerLoginController.Login(ManagerLoginModel req) in C:\Users\asus\Desktop\git\Charlotte\backend\Charlotte\Charlotte\Controllers\ManagerLoginController.cs:line 29
 Detail Text：System.Data.SqlClient.SqlException (0x80131904): The SELECT permission was denied on the object 'ManagerMain', database 'Charlotte', schema 'dbo'.
   at System.Data.SqlClient.SqlCommand.<>c.<ExecuteDbDataReaderAsync>b__126_0(Task`1 result)
   at System.Threading.Tasks.ContinuationResultTaskFromResultTask`2.InnerInvoke()
   at System.Threading.Tasks.Task.<>c.<.cctor>b__272_0(Object obj)
   at System.Threading.ExecutionContext.RunInternal(ExecutionContext executionContext, ContextCallback callback, Object state)
--- End of stack trace from previous location ---
   at System.Threading.Tasks.Task.ExecuteWithThreadLocal(Task& currentTaskSlot, Thread threadPoolThread)
--- End of stack trace from previous location ---
   at Dapper.SqlMapper.QueryRowAsync[T](IDbConnection cnn, Row row, Type effectiveType, CommandDefinition command) in /_/Dapper/SqlMapper.Async.cs:line 473
   at Charlotte.Helper.ManagerLogin.ManagerLoginHelper.GetManagerMain(SqlConnection con, DbTransaction transaction, String account) in C:\Users\asus\Desktop\git\Charlotte\backend\Charlotte\Charlotte\Helper\ManagerLogin\ManagerLoginHelper.cs:line 65
   at Charlotte.Helper.ManagerLogin.ManagerLoginHelper.Login(ManagerLoginModel req) in C:\Users\asus\Desktop\git\Charlotte\backend\Charlotte\Charlotte\Helper\ManagerLogin\ManagerLoginHelper.cs:line 26
   at Charlotte.Helper.ManagerLogin.ManagerLoginHelper.Login(ManagerLoginModel req) in C:\Users\asus\Desktop\git\Charlotte\backend\Charlotte\Charlotte\Helper\ManagerLogin\ManagerLoginHelper.cs:line 49
   at Charlotte.Controllers.ManagerLoginController.Login(ManagerLoginModel req) in C:\Users\asus\Desktop\git\Charlotte\backend\Charlotte\Charlotte\Controllers\ManagerLoginController.cs:line 29
ClientConnectionId:a5eb5b88-d731-4113-b14f-9b26156570b4
Error Number:229,State:5,Class:14 
 ====================================================================================================
 ====================================================================================================
 Time：2022-05-03 16:20:49.6868
 Message：找不到資料 
 StackTrace：   at Charlotte.Helper.ManagerRefreshToken.ManagerRefreshTokenHelper.RefreshToken(RefreshToken req) in C:\Users\asus\Desktop\git\Charlotte\backend\Charlotte\Charlotte\Helper\ManagerRefreshToken\ManagerRefreshTokenHelper.cs:line 19
   at Charlotte.Controllers.ManagerRefreshTokenController.RefreshToken(RefreshToken req) in C:\Users\asus\Desktop\git\Charlotte\backend\Charlotte\Charlotte\Controllers\ManagerRefreshTokenController.cs:line 22
 Detail Text：Charlotte.CustomizeException.CustomizeException+NotFoundException: 找不到資料
   at Charlotte.Helper.ManagerRefreshToken.ManagerRefreshTokenHelper.RefreshToken(RefreshToken req) in C:\Users\asus\Desktop\git\Charlotte\backend\Charlotte\Charlotte\Helper\ManagerRefreshToken\ManagerRefreshTokenHelper.cs:line 19
   at Charlotte.Controllers.ManagerRefreshTokenController.RefreshToken(RefreshToken req) in C:\Users\asus\Desktop\git\Charlotte\backend\Charlotte\Charlotte\Controllers\ManagerRefreshTokenController.cs:line 22 
 ====================================================================================================
 ====================================================================================================
 Time：2022-05-03 16:20:49.6868
 Message：找不到資料 
 StackTrace：   at Charlotte.Helper.ManagerRefreshToken.ManagerRefreshTokenHelper.RefreshToken(RefreshToken req) in C:\Users\asus\Desktop\git\Charlotte\backend\Charlotte\Charlotte\Helper\ManagerRefreshToken\ManagerRefreshTokenHelper.cs:line 19
   at Charlotte.Controllers.ManagerRefreshTokenController.RefreshToken(RefreshToken req) in C:\Users\asus\Desktop\git\Charlotte\backend\Charlotte\Charlotte\Controllers\ManagerRefreshTokenController.cs:line 22
 Detail Text：Charlotte.CustomizeException.CustomizeException+NotFoundException: 找不到資料
   at Charlotte.Helper.ManagerRefreshToken.ManagerRefreshTokenHelper.RefreshToken(RefreshToken req) in C:\Users\asus\Desktop\git\Charlotte\backend\Charlotte\Charlotte\Helper\ManagerRefreshToken\ManagerRefreshTokenHelper.cs:line 19
   at Charlotte.Controllers.ManagerRefreshTokenController.RefreshToken(RefreshToken req) in C:\Users\asus\Desktop\git\Charlotte\backend\Charlotte\Charlotte\Controllers\ManagerRefreshTokenController.cs:line 22 
 ====================================================================================================
