 ====================================================================================================
 Time：2022-07-12 11:06:48.8666
 Message：Operation is not valid due to the current state of the object. 
 StackTrace：   at System.Linq.Expressions.ExpressionExtensions.GetConstantValue[T](Expression expression)
   at Microsoft.EntityFrameworkCore.Query.RelationalShapedQueryCompilingExpressionVisitor.ShaperProcessingExpressionVisitor.VisitExtension(Expression extensionExpression)
   at System.Linq.Expressions.Expression.Accept(ExpressionVisitor visitor)
   at System.Linq.Expressions.ExpressionVisitor.Visit(Expression node)
   at System.Linq.Expressions.ExpressionVisitor.VisitUnary(UnaryExpression node)
   at System.Linq.Expressions.UnaryExpression.Accept(ExpressionVisitor visitor)
   at Microsoft.EntityFrameworkCore.Query.RelationalShapedQueryCompilingExpressionVisitor.ShaperProcessingExpressionVisitor.ProcessShaper(Expression shaperExpression, RelationalCommandCache& relationalCommandCache, LambdaExpression& relatedDataLoaders, Int32& collectionId)
   at Microsoft.EntityFrameworkCore.Query.RelationalShapedQueryCompilingExpressionVisitor.VisitShapedQuery(ShapedQueryExpression shapedQueryExpression)
   at Microsoft.EntityFrameworkCore.Query.ShapedQueryCompilingExpressionVisitor.VisitExtension(Expression extensionExpression)
   at System.Linq.Expressions.Expression.Accept(ExpressionVisitor visitor)
   at System.Linq.Expressions.ExpressionVisitor.Visit(Expression node)
   at Microsoft.EntityFrameworkCore.Query.QueryCompilationContext.CreateQueryExecutor[TResult](Expression query)
   at Microsoft.EntityFrameworkCore.Query.Internal.QueryCompiler.<>c__DisplayClass9_0`1.<Execute>b__0()
   at Microsoft.EntityFrameworkCore.Query.Internal.CompiledQueryCache.GetOrAddQuery[TResult](Object cacheKey, Func`1 compiler)
   at Microsoft.EntityFrameworkCore.Query.Internal.QueryCompiler.Execute[TResult](Expression query)
   at System.Linq.Queryable.Count[TSource](IQueryable`1 source)
   at Charlotte.Helper.ManagerOrder.ManagerOrderHelper.GetAllAsync(Nullable`1 limit, Nullable`1 offset, String orderBy, String orderDescription, String filterStr) in C:\Users\asus\Desktop\git\Charlotte\backend\Charlotte\Charlotte\Helper\ManagerOrder\ManagerOrderHelper.cs:line 40
   at Charlotte.Controllers.ManagerOrderController.GetOrders(Nullable`1 limit, Nullable`1 offset, String orderBy, String orderDescription, String filterStr) in C:\Users\asus\Desktop\git\Charlotte\backend\Charlotte\Charlotte\Controllers\ManagerOrderController.cs:line 31
 Detail Text：System.InvalidOperationException: Operation is not valid due to the current state of the object. 
 ====================================================================================================
 ====================================================================================================
 Time：2022-07-12 11:15:33.4111
 Message：Operation is not valid due to the current state of the object. 
 StackTrace：   at System.Linq.Expressions.ExpressionExtensions.GetConstantValue[T](Expression expression)
   at Microsoft.EntityFrameworkCore.Query.RelationalShapedQueryCompilingExpressionVisitor.ShaperProcessingExpressionVisitor.VisitExtension(Expression extensionExpression)
   at System.Linq.Expressions.Expression.Accept(ExpressionVisitor visitor)
   at System.Linq.Expressions.ExpressionVisitor.Visit(Expression node)
   at System.Linq.Expressions.ExpressionVisitor.VisitUnary(UnaryExpression node)
   at System.Linq.Expressions.UnaryExpression.Accept(ExpressionVisitor visitor)
   at Microsoft.EntityFrameworkCore.Query.RelationalShapedQueryCompilingExpressionVisitor.ShaperProcessingExpressionVisitor.ProcessShaper(Expression shaperExpression, RelationalCommandCache& relationalCommandCache, LambdaExpression& relatedDataLoaders, Int32& collectionId)
   at Microsoft.EntityFrameworkCore.Query.RelationalShapedQueryCompilingExpressionVisitor.VisitShapedQuery(ShapedQueryExpression shapedQueryExpression)
   at Microsoft.EntityFrameworkCore.Query.ShapedQueryCompilingExpressionVisitor.VisitExtension(Expression extensionExpression)
   at System.Linq.Expressions.Expression.Accept(ExpressionVisitor visitor)
   at System.Linq.Expressions.ExpressionVisitor.Visit(Expression node)
   at Microsoft.EntityFrameworkCore.Query.QueryCompilationContext.CreateQueryExecutor[TResult](Expression query)
   at Microsoft.EntityFrameworkCore.Query.Internal.QueryCompiler.<>c__DisplayClass9_0`1.<Execute>b__0()
   at Microsoft.EntityFrameworkCore.Query.Internal.CompiledQueryCache.GetOrAddQuery[TResult](Object cacheKey, Func`1 compiler)
   at Microsoft.EntityFrameworkCore.Query.Internal.QueryCompiler.Execute[TResult](Expression query)
   at System.Linq.Queryable.Count[TSource](IQueryable`1 source)
   at Charlotte.Helper.ManagerOrder.ManagerOrderHelper.GetAllAsync(Nullable`1 limit, Nullable`1 offset, String orderBy, String orderDescription, String filterStr) in C:\Users\asus\Desktop\git\Charlotte\backend\Charlotte\Charlotte\Helper\ManagerOrder\ManagerOrderHelper.cs:line 40
   at Charlotte.Controllers.ManagerOrderController.GetOrders(Nullable`1 limit, Nullable`1 offset, String orderBy, String orderDescription, String filterStr) in C:\Users\asus\Desktop\git\Charlotte\backend\Charlotte\Charlotte\Controllers\ManagerOrderController.cs:line 31
 Detail Text：System.InvalidOperationException: Operation is not valid due to the current state of the object. 
 ====================================================================================================
 ====================================================================================================
 Time：2022-07-12 11:20:30.3751
 Message：Operation is not valid due to the current state of the object. 
 StackTrace：   at System.Linq.Expressions.ExpressionExtensions.GetConstantValue[T](Expression expression)
   at Microsoft.EntityFrameworkCore.Query.RelationalShapedQueryCompilingExpressionVisitor.ShaperProcessingExpressionVisitor.VisitExtension(Expression extensionExpression)
   at System.Linq.Expressions.Expression.Accept(ExpressionVisitor visitor)
   at System.Linq.Expressions.ExpressionVisitor.Visit(Expression node)
   at System.Linq.Expressions.ExpressionVisitor.VisitUnary(UnaryExpression node)
   at System.Linq.Expressions.UnaryExpression.Accept(ExpressionVisitor visitor)
   at Microsoft.EntityFrameworkCore.Query.RelationalShapedQueryCompilingExpressionVisitor.ShaperProcessingExpressionVisitor.ProcessShaper(Expression shaperExpression, RelationalCommandCache& relationalCommandCache, LambdaExpression& relatedDataLoaders, Int32& collectionId)
   at Microsoft.EntityFrameworkCore.Query.RelationalShapedQueryCompilingExpressionVisitor.VisitShapedQuery(ShapedQueryExpression shapedQueryExpression)
   at Microsoft.EntityFrameworkCore.Query.ShapedQueryCompilingExpressionVisitor.VisitExtension(Expression extensionExpression)
   at System.Linq.Expressions.Expression.Accept(ExpressionVisitor visitor)
   at System.Linq.Expressions.ExpressionVisitor.Visit(Expression node)
   at Microsoft.EntityFrameworkCore.Query.QueryCompilationContext.CreateQueryExecutor[TResult](Expression query)
   at Microsoft.EntityFrameworkCore.Query.Internal.QueryCompiler.<>c__DisplayClass9_0`1.<Execute>b__0()
   at Microsoft.EntityFrameworkCore.Query.Internal.CompiledQueryCache.GetOrAddQuery[TResult](Object cacheKey, Func`1 compiler)
   at Microsoft.EntityFrameworkCore.Query.Internal.QueryCompiler.Execute[TResult](Expression query)
   at System.Linq.Queryable.Count[TSource](IQueryable`1 source)
   at Charlotte.Helper.ManagerOrder.ManagerOrderHelper.GetAllAsync(Nullable`1 limit, Nullable`1 offset, String orderBy, String orderDescription, String filterStr) in C:\Users\asus\Desktop\git\Charlotte\backend\Charlotte\Charlotte\Helper\ManagerOrder\ManagerOrderHelper.cs:line 40
   at Charlotte.Controllers.ManagerOrderController.GetOrders(Nullable`1 limit, Nullable`1 offset, String orderBy, String orderDescription, String filterStr) in C:\Users\asus\Desktop\git\Charlotte\backend\Charlotte\Charlotte\Controllers\ManagerOrderController.cs:line 31
 Detail Text：System.InvalidOperationException: Operation is not valid due to the current state of the object. 
 ====================================================================================================
