 ====================================================================================================
 Time：2022-06-08 22:12:32.0054
 Message：The LINQ expression 'DbSet<ProductInformation>()
    .Join(
        inner: DbSet<ProductType>(), 
        outerKeySelector: p => p.ProductTypeId, 
        innerKeySelector: p0 => p0.ProductTypeId, 
        resultSelector: (p, p0) => new TransparentIdentifier<ProductInformation, ProductType>(
            Outer = p, 
            Inner = p0
        ))
    .Join(
        inner: DbSet<Factory>(), 
        outerKeySelector: ti => ti.Outer.FactoryId, 
        innerKeySelector: f => f.FactoryId, 
        resultSelector: (ti, f) => new TransparentIdentifier<TransparentIdentifier<ProductInformation, ProductType>, Factory>(
            Outer = ti, 
            Inner = f
        ))
    .Where(ti0 => ti0.Outer.Outer.ProductId.ToString().Contains(__filterStr_0) || ti0.Outer.Outer.ProductName.Contains(__filterStr_0) || ti0.Outer.Inner.Type.ToString().Contains(__filterStr_0) || ti0.Outer.Outer.Inventory.ToString().Contains(__filterStr_0) || ti0.Outer.Outer.CostPrice.ToString().Contains(__filterStr_0) || ti0.Outer.Outer.SellPrice.ToString().Contains(__filterStr_0))' could not be translated. Additional information: Translation of method 'object.ToString' failed. If this method can be mapped to your custom function, see https://go.microsoft.com/fwlink/?linkid=2132413 for more information. Either rewrite the query in a form that can be translated, or switch to client evaluation explicitly by inserting a call to 'AsEnumerable', 'AsAsyncEnumerable', 'ToList', or 'ToListAsync'. See https://go.microsoft.com/fwlink/?linkid=2101038 for more information. 
 StackTrace：   at Microsoft.EntityFrameworkCore.Query.QueryableMethodTranslatingExpressionVisitor.<VisitMethodCall>g__CheckTranslated|15_0(ShapedQueryExpression translated, <>c__DisplayClass15_0& )
   at Microsoft.EntityFrameworkCore.Query.QueryableMethodTranslatingExpressionVisitor.VisitMethodCall(MethodCallExpression methodCallExpression)
   at Microsoft.EntityFrameworkCore.Query.QueryableMethodTranslatingExpressionVisitor.VisitMethodCall(MethodCallExpression methodCallExpression)
   at Microsoft.EntityFrameworkCore.Query.QueryCompilationContext.CreateQueryExecutor[TResult](Expression query)
   at Microsoft.EntityFrameworkCore.Storage.Database.CompileQuery[TResult](Expression query, Boolean async)
   at Microsoft.EntityFrameworkCore.Query.Internal.QueryCompiler.CompileQueryCore[TResult](IDatabase database, Expression query, IModel model, Boolean async)
   at Microsoft.EntityFrameworkCore.Query.Internal.QueryCompiler.<>c__DisplayClass9_0`1.<Execute>b__0()
   at Microsoft.EntityFrameworkCore.Query.Internal.CompiledQueryCache.GetOrAddQuery[TResult](Object cacheKey, Func`1 compiler)
   at Microsoft.EntityFrameworkCore.Query.Internal.QueryCompiler.Execute[TResult](Expression query)
   at Charlotte.Helper.ManagerProduct.ManagerProductHelper.GetAllAsync(Nullable`1 limit, Nullable`1 offset, String orderBy, String orderDescription, String filterStr) in C:\Users\asus\Desktop\git\Charlotte\backend\Charlotte\Charlotte\Helper\ManagerProduct\ManagerProductHelper.cs:line 106
   at Charlotte.Controllers.ManagerProductController.GetProduct(Nullable`1 limit, Nullable`1 offset, String orderBy, String orderDescription, String filterStr) in C:\Users\asus\Desktop\git\Charlotte\backend\Charlotte\Charlotte\Controllers\ManagerProductController.cs:line 41
 Detail Text：System.InvalidOperationException: The LINQ expression 'DbSet<ProductInformation>()
    .Join(
        inner: DbSet<ProductType>(), 
        outerKeySelector: p => p.ProductTypeId, 
        innerKeySelector: p0 => p0.ProductTypeId, 
        resultSelector: (p, p0) => new TransparentIdentifier<ProductInformation, ProductType>(
            Outer = p, 
            Inner = p0
        ))
    .Join(
        inner: DbSet<Factory>(), 
        outerKeySelector: ti => ti.Outer.FactoryId, 
        innerKeySelector: f => f.FactoryId, 
        resultSelector: (ti, f) => new TransparentIdentifier<TransparentIdentifier<ProductInformation, ProductType>, Factory>(
            Outer = ti, 
            Inner = f
        ))
    .Where(ti0 => ti0.Outer.Outer.ProductId.ToString().Contains(__filterStr_0) || ti0.Outer.Outer.ProductName.Contains(__filterStr_0) || ti0.Outer.Inner.Type.ToString().Contains(__filterStr_0) || ti0.Outer.Outer.Inventory.ToString().Contains(__filterStr_0) || ti0.Outer.Outer.CostPrice.ToString().Contains(__filterStr_0) || ti0.Outer.Outer.SellPrice.ToString().Contains(__filterStr_0))' could not be translated. Additional information: Translation of method 'object.ToString' failed. If this method can be mapped to your custom function, see https://go.microsoft.com/fwlink/?linkid=2132413 for more information. Either rewrite the query in a form that can be translated, or switch to client evaluation explicitly by inserting a call to 'AsEnumerable', 'AsAsyncEnumerable', 'ToList', or 'ToListAsync'. See https://go.microsoft.com/fwlink/?linkid=2101038 for more information.
   at Microsoft.EntityFrameworkCore.Query.QueryableMethodTranslatingExpressionVisitor.<VisitMethodCall>g__CheckTranslated|15_0(ShapedQueryExpression translated, <>c__DisplayClass15_0& )
   at Microsoft.EntityFrameworkCore.Query.QueryableMethodTranslatingExpressionVisitor.VisitMethodCall(MethodCallExpression methodCallExpression)
   at Microsoft.EntityFrameworkCore.Query.QueryableMethodTranslatingExpressionVisitor.VisitMethodCall(MethodCallExpression methodCallExpression)
   at Microsoft.EntityFrameworkCore.Query.QueryCompilationContext.CreateQueryExecutor[TResult](Expression query)
   at Microsoft.EntityFrameworkCore.Storage.Database.CompileQuery[TResult](Expression query, Boolean async)
   at Microsoft.EntityFrameworkCore.Query.Internal.QueryCompiler.CompileQueryCore[TResult](IDatabase database, Expression query, IModel model, Boolean async)
   at Microsoft.EntityFrameworkCore.Query.Internal.QueryCompiler.<>c__DisplayClass9_0`1.<Execute>b__0()
   at Microsoft.EntityFrameworkCore.Query.Internal.CompiledQueryCache.GetOrAddQuery[TResult](Object cacheKey, Func`1 compiler)
   at Microsoft.EntityFrameworkCore.Query.Internal.QueryCompiler.Execute[TResult](Expression query)
   at Charlotte.Helper.ManagerProduct.ManagerProductHelper.GetAllAsync(Nullable`1 limit, Nullable`1 offset, String orderBy, String orderDescription, String filterStr) in C:\Users\asus\Desktop\git\Charlotte\backend\Charlotte\Charlotte\Helper\ManagerProduct\ManagerProductHelper.cs:line 106
   at Charlotte.Controllers.ManagerProductController.GetProduct(Nullable`1 limit, Nullable`1 offset, String orderBy, String orderDescription, String filterStr) in C:\Users\asus\Desktop\git\Charlotte\backend\Charlotte\Charlotte\Controllers\ManagerProductController.cs:line 41 
 ====================================================================================================
 ====================================================================================================
 Time：2022-06-08 22:12:32.0054
 Message：The LINQ expression 'DbSet<ProductInformation>()
    .Join(
        inner: DbSet<ProductType>(), 
        outerKeySelector: p => p.ProductTypeId, 
        innerKeySelector: p0 => p0.ProductTypeId, 
        resultSelector: (p, p0) => new TransparentIdentifier<ProductInformation, ProductType>(
            Outer = p, 
            Inner = p0
        ))
    .Join(
        inner: DbSet<Factory>(), 
        outerKeySelector: ti => ti.Outer.FactoryId, 
        innerKeySelector: f => f.FactoryId, 
        resultSelector: (ti, f) => new TransparentIdentifier<TransparentIdentifier<ProductInformation, ProductType>, Factory>(
            Outer = ti, 
            Inner = f
        ))
    .Where(ti0 => ti0.Outer.Outer.ProductId.ToString().Contains(__filterStr_0) || ti0.Outer.Outer.ProductName.Contains(__filterStr_0) || ti0.Outer.Inner.Type.ToString().Contains(__filterStr_0) || ti0.Outer.Outer.Inventory.ToString().Contains(__filterStr_0) || ti0.Outer.Outer.CostPrice.ToString().Contains(__filterStr_0) || ti0.Outer.Outer.SellPrice.ToString().Contains(__filterStr_0))' could not be translated. Additional information: Translation of method 'object.ToString' failed. If this method can be mapped to your custom function, see https://go.microsoft.com/fwlink/?linkid=2132413 for more information. Either rewrite the query in a form that can be translated, or switch to client evaluation explicitly by inserting a call to 'AsEnumerable', 'AsAsyncEnumerable', 'ToList', or 'ToListAsync'. See https://go.microsoft.com/fwlink/?linkid=2101038 for more information. 
 StackTrace：   at Microsoft.EntityFrameworkCore.Query.QueryableMethodTranslatingExpressionVisitor.<VisitMethodCall>g__CheckTranslated|15_0(ShapedQueryExpression translated, <>c__DisplayClass15_0& )
   at Microsoft.EntityFrameworkCore.Query.QueryableMethodTranslatingExpressionVisitor.VisitMethodCall(MethodCallExpression methodCallExpression)
   at Microsoft.EntityFrameworkCore.Query.QueryableMethodTranslatingExpressionVisitor.VisitMethodCall(MethodCallExpression methodCallExpression)
   at Microsoft.EntityFrameworkCore.Query.QueryCompilationContext.CreateQueryExecutor[TResult](Expression query)
   at Microsoft.EntityFrameworkCore.Storage.Database.CompileQuery[TResult](Expression query, Boolean async)
   at Microsoft.EntityFrameworkCore.Query.Internal.QueryCompiler.CompileQueryCore[TResult](IDatabase database, Expression query, IModel model, Boolean async)
   at Microsoft.EntityFrameworkCore.Query.Internal.QueryCompiler.<>c__DisplayClass9_0`1.<Execute>b__0()
   at Microsoft.EntityFrameworkCore.Query.Internal.CompiledQueryCache.GetOrAddQuery[TResult](Object cacheKey, Func`1 compiler)
   at Microsoft.EntityFrameworkCore.Query.Internal.QueryCompiler.Execute[TResult](Expression query)
   at Charlotte.Helper.ManagerProduct.ManagerProductHelper.GetAllAsync(Nullable`1 limit, Nullable`1 offset, String orderBy, String orderDescription, String filterStr) in C:\Users\asus\Desktop\git\Charlotte\backend\Charlotte\Charlotte\Helper\ManagerProduct\ManagerProductHelper.cs:line 106
   at Charlotte.Controllers.ManagerProductController.GetProduct(Nullable`1 limit, Nullable`1 offset, String orderBy, String orderDescription, String filterStr) in C:\Users\asus\Desktop\git\Charlotte\backend\Charlotte\Charlotte\Controllers\ManagerProductController.cs:line 41
 Detail Text：System.InvalidOperationException: The LINQ expression 'DbSet<ProductInformation>()
    .Join(
        inner: DbSet<ProductType>(), 
        outerKeySelector: p => p.ProductTypeId, 
        innerKeySelector: p0 => p0.ProductTypeId, 
        resultSelector: (p, p0) => new TransparentIdentifier<ProductInformation, ProductType>(
            Outer = p, 
            Inner = p0
        ))
    .Join(
        inner: DbSet<Factory>(), 
        outerKeySelector: ti => ti.Outer.FactoryId, 
        innerKeySelector: f => f.FactoryId, 
        resultSelector: (ti, f) => new TransparentIdentifier<TransparentIdentifier<ProductInformation, ProductType>, Factory>(
            Outer = ti, 
            Inner = f
        ))
    .Where(ti0 => ti0.Outer.Outer.ProductId.ToString().Contains(__filterStr_0) || ti0.Outer.Outer.ProductName.Contains(__filterStr_0) || ti0.Outer.Inner.Type.ToString().Contains(__filterStr_0) || ti0.Outer.Outer.Inventory.ToString().Contains(__filterStr_0) || ti0.Outer.Outer.CostPrice.ToString().Contains(__filterStr_0) || ti0.Outer.Outer.SellPrice.ToString().Contains(__filterStr_0))' could not be translated. Additional information: Translation of method 'object.ToString' failed. If this method can be mapped to your custom function, see https://go.microsoft.com/fwlink/?linkid=2132413 for more information. Either rewrite the query in a form that can be translated, or switch to client evaluation explicitly by inserting a call to 'AsEnumerable', 'AsAsyncEnumerable', 'ToList', or 'ToListAsync'. See https://go.microsoft.com/fwlink/?linkid=2101038 for more information.
   at Microsoft.EntityFrameworkCore.Query.QueryableMethodTranslatingExpressionVisitor.<VisitMethodCall>g__CheckTranslated|15_0(ShapedQueryExpression translated, <>c__DisplayClass15_0& )
   at Microsoft.EntityFrameworkCore.Query.QueryableMethodTranslatingExpressionVisitor.VisitMethodCall(MethodCallExpression methodCallExpression)
   at Microsoft.EntityFrameworkCore.Query.QueryableMethodTranslatingExpressionVisitor.VisitMethodCall(MethodCallExpression methodCallExpression)
   at Microsoft.EntityFrameworkCore.Query.QueryCompilationContext.CreateQueryExecutor[TResult](Expression query)
   at Microsoft.EntityFrameworkCore.Storage.Database.CompileQuery[TResult](Expression query, Boolean async)
   at Microsoft.EntityFrameworkCore.Query.Internal.QueryCompiler.CompileQueryCore[TResult](IDatabase database, Expression query, IModel model, Boolean async)
   at Microsoft.EntityFrameworkCore.Query.Internal.QueryCompiler.<>c__DisplayClass9_0`1.<Execute>b__0()
   at Microsoft.EntityFrameworkCore.Query.Internal.CompiledQueryCache.GetOrAddQuery[TResult](Object cacheKey, Func`1 compiler)
   at Microsoft.EntityFrameworkCore.Query.Internal.QueryCompiler.Execute[TResult](Expression query)
   at Charlotte.Helper.ManagerProduct.ManagerProductHelper.GetAllAsync(Nullable`1 limit, Nullable`1 offset, String orderBy, String orderDescription, String filterStr) in C:\Users\asus\Desktop\git\Charlotte\backend\Charlotte\Charlotte\Helper\ManagerProduct\ManagerProductHelper.cs:line 106
   at Charlotte.Controllers.ManagerProductController.GetProduct(Nullable`1 limit, Nullable`1 offset, String orderBy, String orderDescription, String filterStr) in C:\Users\asus\Desktop\git\Charlotte\backend\Charlotte\Charlotte\Controllers\ManagerProductController.cs:line 41 
 ====================================================================================================
